<?xml version='1.0'?>
<ns2:test-suite xmlns:ns2='urn:model.allure.qatools.yandex.ru' start='1594918856549' stop='1594918856642'>
    <name>Forgot Username: Recover Username Form: User Name Input Field</name>
    <title>Forgot Username: Recover Username Form: User Name Input Field</title>
    <test-cases>
        <test-case start='1594918856549' status='broken' stop='1594918856552'>
            <name>is displayed</name>
            <title>is displayed</title>
            <labels>
                <label name='language' value='javascript'/>
                <label name='framework' value='wdio'/>
                <label name='thread' value='0-0'/>
            </labels>
            <parameters>
                <parameter kind='argument' name='browser' value='chrome-84.0.4147.89'/>
            </parameters>
            <steps/>
            <attachments/>
            <failure>
                <message>selector needs to be typeof `string` or `function`</message>
                <stack-trace>Error: selector needs to be typeof `string` or `function`
                    at $ (/Users/julia/Alluma/TEST/Alluma/node_modules/@wdio/runner/build/index.js:189:36)
                    at ForgotUsernamePage.userNameInputFieldDisplayed (/Users/julia/Alluma/TEST/Alluma/test/pages/forgot-user-name.page.js:79:9)
                    at Context.&lt;anonymous> (/Users/julia/Alluma/TEST/Alluma/test/specs/forgot-user-name.test.js:58:36)</stack-trace>
            </failure>
        </test-case>
        <test-case start='1594918856552' status='failed' stop='1594918856635'>
            <name>has correct title</name>
            <title>has correct title</title>
            <labels>
                <label name='language' value='javascript'/>
                <label name='framework' value='wdio'/>
                <label name='thread' value='0-0'/>
            </labels>
            <parameters>
                <parameter kind='argument' name='browser' value='chrome-84.0.4147.89'/>
            </parameters>
            <steps>
                <step start='1594918856553' status='passed' stop='1594918856572'>
                    <name>POST /session/:sessionId/elements</name>
                    <title>POST /session/:sessionId/elements</title>
                    <attachments>
                        <attachment title='Request' source='b2fd4d15-7483-42b1-901b-759bded52498-attachment.json' type='application/json' size='64'/>
                        <attachment title='Response' source='27e4610f-6909-48b5-a159-537d0092b20f-attachment.json' type='application/json' size='49'/>
                    </attachments>
                    <steps/>
                </step>
                <step start='1594918856581' status='passed' stop='1594918856606'>
                    <name>GET /session/:sessionId/element/0.4527326334399995-5/displayed</name>
                    <title>GET /session/:sessionId/element/0.4527326334399995-5/displayed</title>
                    <attachments>
                        <attachment title='Response' source='e440d606-e468-4fc5-96f7-be1f0805431d-attachment.json' type='application/json' size='4'/>
                    </attachments>
                    <steps/>
                </step>
                <step start='1594918856607' status='passed' stop='1594918856631'>
                    <name>GET /session/:sessionId/element/0.4527326334399995-5/text</name>
                    <title>GET /session/:sessionId/element/0.4527326334399995-5/text</title>
                    <attachments>
                        <attachment title='Response' source='2963bf46-3155-461f-9a77-56cace3cc954-attachment.json' type='application/json' size='16'/>
                    </attachments>
                    <steps/>
                </step>
            </steps>
            <attachments/>
            <failure>
                <message>expected 'Email required' to equal undefined</message>
                <stack-trace>AssertionError: expected 'Email required' to equal undefined
                    at ForgotUsernamePage.userNameLabelIsDisplayed (/Users/julia/Alluma/TEST/Alluma/test/pages/forgot-user-name.page.js:84:16)
                    at Context.&lt;anonymous> (/Users/julia/Alluma/TEST/Alluma/test/specs/forgot-user-name.test.js:62:36)</stack-trace>
            </failure>
        </test-case>
        <test-case start='1594918856635' status='broken' stop='1594918856636'>
            <name>input symbols</name>
            <title>input symbols</title>
            <labels>
                <label name='language' value='javascript'/>
                <label name='framework' value='wdio'/>
                <label name='thread' value='0-0'/>
            </labels>
            <parameters>
                <parameter kind='argument' name='browser' value='chrome-84.0.4147.89'/>
            </parameters>
            <steps/>
            <attachments/>
            <failure>
                <message>selector needs to be typeof `string` or `function`</message>
                <stack-trace>Error: selector needs to be typeof `string` or `function`
                    at $ (/Users/julia/Alluma/TEST/Alluma/node_modules/@wdio/runner/build/index.js:189:36)
                    at ForgotUsernamePage.inputSymbolsUserName (/Users/julia/Alluma/TEST/Alluma/test/pages/forgot-user-name.page.js:105:26)
                    at Context.&lt;anonymous> (/Users/julia/Alluma/TEST/Alluma/test/specs/forgot-user-name.test.js:66:36)</stack-trace>
            </failure>
        </test-case>
        <test-case start='1594918856636' status='broken' stop='1594918856637'>
            <name>erase symbols</name>
            <title>erase symbols</title>
            <labels>
                <label name='language' value='javascript'/>
                <label name='framework' value='wdio'/>
                <label name='thread' value='0-0'/>
            </labels>
            <parameters>
                <parameter kind='argument' name='browser' value='chrome-84.0.4147.89'/>
            </parameters>
            <steps/>
            <attachments/>
            <failure>
                <message>selector needs to be typeof `string` or `function`</message>
                <stack-trace>Error: selector needs to be typeof `string` or `function`
                    at $ (/Users/julia/Alluma/TEST/Alluma/node_modules/@wdio/runner/build/index.js:189:36)
                    at ForgotUsernamePage.eraseSymbolsUserName (/Users/julia/Alluma/TEST/Alluma/test/pages/forgot-user-name.page.js:110:26)
                    at Context.&lt;anonymous> (/Users/julia/Alluma/TEST/Alluma/test/specs/forgot-user-name.test.js:70:36)</stack-trace>
            </failure>
        </test-case>
        <test-case start='1594918856638' status='broken' stop='1594918856639'>
            <name>99 symbols</name>
            <title>99 symbols</title>
            <labels>
                <label name='language' value='javascript'/>
                <label name='framework' value='wdio'/>
                <label name='thread' value='0-0'/>
            </labels>
            <parameters>
                <parameter kind='argument' name='browser' value='chrome-84.0.4147.89'/>
            </parameters>
            <steps/>
            <attachments/>
            <failure>
                <message>selector needs to be typeof `string` or `function`</message>
                <stack-trace>Error: selector needs to be typeof `string` or `function`
                    at $ (/Users/julia/Alluma/TEST/Alluma/node_modules/@wdio/runner/build/index.js:189:36)
                    at ForgotUsernamePage.input99Symbols (/Users/julia/Alluma/TEST/Alluma/test/pages/forgot-user-name.page.js:117:26)
                    at Context.&lt;anonymous> (/Users/julia/Alluma/TEST/Alluma/test/specs/forgot-user-name.test.js:74:36)</stack-trace>
            </failure>
        </test-case>
        <test-case start='1594918856639' status='broken' stop='1594918856640'>
            <name>100 symbols</name>
            <title>100 symbols</title>
            <labels>
                <label name='language' value='javascript'/>
                <label name='framework' value='wdio'/>
                <label name='thread' value='0-0'/>
            </labels>
            <parameters>
                <parameter kind='argument' name='browser' value='chrome-84.0.4147.89'/>
            </parameters>
            <steps/>
            <attachments/>
            <failure>
                <message>selector needs to be typeof `string` or `function`</message>
                <stack-trace>Error: selector needs to be typeof `string` or `function`
                    at $ (/Users/julia/Alluma/TEST/Alluma/node_modules/@wdio/runner/build/index.js:189:36)
                    at ForgotUsernamePage.input100Symbols (/Users/julia/Alluma/TEST/Alluma/test/pages/forgot-user-name.page.js:125:26)
                    at Context.&lt;anonymous> (/Users/julia/Alluma/TEST/Alluma/test/specs/forgot-user-name.test.js:78:36)</stack-trace>
            </failure>
        </test-case>
        <test-case start='1594918856640' status='broken' stop='1594918856641'>
            <name>101 symbols</name>
            <title>101 symbols</title>
            <labels>
                <label name='language' value='javascript'/>
                <label name='framework' value='wdio'/>
                <label name='thread' value='0-0'/>
            </labels>
            <parameters>
                <parameter kind='argument' name='browser' value='chrome-84.0.4147.89'/>
            </parameters>
            <steps/>
            <attachments/>
            <failure>
                <message>selector needs to be typeof `string` or `function`</message>
                <stack-trace>Error: selector needs to be typeof `string` or `function`
                    at $ (/Users/julia/Alluma/TEST/Alluma/node_modules/@wdio/runner/build/index.js:189:36)
                    at ForgotUsernamePage.input101Symbols (/Users/julia/Alluma/TEST/Alluma/test/pages/forgot-user-name.page.js:133:26)
                    at Context.&lt;anonymous> (/Users/julia/Alluma/TEST/Alluma/test/specs/forgot-user-name.test.js:82:36)</stack-trace>
            </failure>
        </test-case>
        <test-case start='1594918856641' status='broken' stop='1594918856642'>
            <name>throws an error on empty submitting</name>
            <title>throws an error on empty submitting</title>
            <labels>
                <label name='language' value='javascript'/>
                <label name='framework' value='wdio'/>
                <label name='thread' value='0-0'/>
            </labels>
            <parameters>
                <parameter kind='argument' name='browser' value='chrome-84.0.4147.89'/>
            </parameters>
            <steps/>
            <attachments/>
            <failure>
                <message>selector needs to be typeof `string` or `function`</message>
                <stack-trace>Error: selector needs to be typeof `string` or `function`
                    at $ (/Users/julia/Alluma/TEST/Alluma/node_modules/@wdio/runner/build/index.js:189:36)
                    at ForgotUsernamePage.submitEmptyUsername (/Users/julia/Alluma/TEST/Alluma/test/pages/forgot-user-name.page.js:141:9)
                    at Context.&lt;anonymous> (/Users/julia/Alluma/TEST/Alluma/test/specs/forgot-user-name.test.js:86:36)</stack-trace>
            </failure>
        </test-case>
    </test-cases>
</ns2:test-suite>