<?xml version='1.0'?>
<ns2:test-suite xmlns:ns2='urn:model.allure.qatools.yandex.ru' start='1594943191816' stop='1594943192057'>
    <name>Forgot Password: Buttons</name>
    <title>Forgot Password: Buttons</title>
    <test-cases>
        <test-case start='1594943191816' status='passed' stop='1594943191889'>
            <name>cancel is displayed</name>
            <title>cancel is displayed</title>
            <labels>
                <label name='language' value='javascript'/>
                <label name='framework' value='wdio'/>
                <label name='thread' value='0-0'/>
            </labels>
            <parameters>
                <parameter kind='argument' name='browser' value='chrome-84.0.4147.89'/>
            </parameters>
            <steps>
                <step start='1594943191817' status='passed' stop='1594943191854'>
                    <name>POST /session/:sessionId/elements</name>
                    <title>POST /session/:sessionId/elements</title>
                    <attachments>
                        <attachment title='Request' source='86086750-af5f-4222-9958-ceeb756cb904-attachment.json' type='application/json' size='51'/>
                        <attachment title='Response' source='0f7b0b22-5282-4353-9f87-7b9634e835cd-attachment.json' type='application/json' size='49'/>
                    </attachments>
                    <steps/>
                </step>
                <step start='1594943191858' status='passed' stop='1594943191888'>
                    <name>GET /session/:sessionId/element/0.9993226251667455-1/displayed</name>
                    <title>GET /session/:sessionId/element/0.9993226251667455-1/displayed</title>
                    <attachments>
                        <attachment title='Response' source='7d03b5e5-d2cc-4dc6-a2b8-b84ae4b4c193-attachment.json' type='application/json' size='4'/>
                    </attachments>
                    <steps/>
                </step>
            </steps>
            <attachments/>
        </test-case>
        <test-case start='1594943191889' status='failed' stop='1594943191984'>
            <name>cancel has correct title</name>
            <title>cancel has correct title</title>
            <labels>
                <label name='language' value='javascript'/>
                <label name='framework' value='wdio'/>
                <label name='thread' value='0-0'/>
            </labels>
            <parameters>
                <parameter kind='argument' name='browser' value='chrome-84.0.4147.89'/>
            </parameters>
            <steps>
                <step start='1594943191890' status='passed' stop='1594943191923'>
                    <name>POST /session/:sessionId/elements</name>
                    <title>POST /session/:sessionId/elements</title>
                    <attachments>
                        <attachment title='Request' source='31ac4f33-1667-4722-81c3-6c924fd425cf-attachment.json' type='application/json' size='51'/>
                        <attachment title='Response' source='08b2c562-b1ef-4bab-984c-7f5612c5908f-attachment.json' type='application/json' size='49'/>
                    </attachments>
                    <steps/>
                </step>
                <step start='1594943191925' status='passed' stop='1594943191970'>
                    <name>GET /session/:sessionId/element/0.9993226251667455-1/text</name>
                    <title>GET /session/:sessionId/element/0.9993226251667455-1/text</title>
                    <attachments>
                        <attachment title='Response' source='9c4aebf8-b546-41f0-8bbd-20286d2a1282-attachment.json' type='application/json' size='8'/>
                    </attachments>
                    <steps/>
                </step>
            </steps>
            <attachments/>
            <failure>
                <message>expected 'Log In' to equal 'Cancel'</message>
                <stack-trace>AssertionError: expected 'Log In' to equal 'Cancel'
                    at ForgotPasswordPage.cancelBtnTitleIsCorrect (/Users/julia/Alluma/TEST/Alluma/test/pages/forgot-password.page.js:109:16)
                    at Context.&lt;anonymous> (/Users/julia/Alluma/TEST/Alluma/test/specs/forgot-password.test.js:93:32)</stack-trace>
            </failure>
        </test-case>
        <test-case start='1594943191987' status='broken' stop='1594943192013'>
            <name>continue is displayed</name>
            <title>continue is displayed</title>
            <labels>
                <label name='language' value='javascript'/>
                <label name='framework' value='wdio'/>
                <label name='thread' value='0-0'/>
            </labels>
            <parameters>
                <parameter kind='argument' name='browser' value='chrome-84.0.4147.89'/>
            </parameters>
            <steps/>
            <attachments/>
            <failure>
                <message>selector needs to be typeof `string` or `function`</message>
                <stack-trace>Error: selector needs to be typeof `string` or `function`
                    at $$ (/Users/julia/Alluma/TEST/Alluma/node_modules/@wdio/runner/build/index.js:191:37)
                    at ForgotPasswordPage.continueBtnIsDisplayed (/Users/julia/Alluma/TEST/Alluma/test/pages/forgot-password.page.js:113:9)
                    at Context.&lt;anonymous> (/Users/julia/Alluma/TEST/Alluma/test/specs/forgot-password.test.js:97:32)</stack-trace>
            </failure>
        </test-case>
        <test-case start='1594943192013' status='broken' stop='1594943192056'>
            <name>continue has correct title</name>
            <title>continue has correct title</title>
            <labels>
                <label name='language' value='javascript'/>
                <label name='framework' value='wdio'/>
                <label name='thread' value='0-0'/>
            </labels>
            <parameters>
                <parameter kind='argument' name='browser' value='chrome-84.0.4147.89'/>
            </parameters>
            <steps>
                <step start='1594943192022' status='passed' stop='1594943192048'>
                    <name>POST /session/:sessionId/elements</name>
                    <title>POST /session/:sessionId/elements</title>
                    <attachments>
                        <attachment title='Request' source='ed880b53-b72c-441b-96d2-4c14db6bf6ea-attachment.json' type='application/json' size='51'/>
                        <attachment title='Response' source='190b780d-fef2-4bcf-a65d-798eb07959c3-attachment.json' type='application/json' size='49'/>
                    </attachments>
                    <steps/>
                </step>
            </steps>
            <attachments/>
            <failure>
                <message>Cannot read property 'getText' of undefined</message>
                <stack-trace>TypeError: Cannot read property 'getText' of undefined
                    at ForgotPasswordPage.continueBtnTitleIsCorrect (/Users/julia/Alluma/TEST/Alluma/test/pages/forgot-password.page.js:118:28)
                    at Context.&lt;anonymous> (/Users/julia/Alluma/TEST/Alluma/test/specs/forgot-password.test.js:101:32)</stack-trace>
            </failure>
        </test-case>
    </test-cases>
</ns2:test-suite>