<?xml version='1.0'?>
<ns2:test-suite xmlns:ns2='urn:model.allure.qatools.yandex.ru' start='1594942983150' stop='1594942983274'>
    <name>Forgot Password: Buttons</name>
    <title>Forgot Password: Buttons</title>
    <test-cases>
        <test-case start='1594942983152' status='passed' stop='1594942983220'>
            <name>cancel is displayed</name>
            <title>cancel is displayed</title>
            <labels>
                <label name='language' value='javascript'/>
                <label name='framework' value='wdio'/>
                <label name='thread' value='0-0'/>
            </labels>
            <parameters>
                <parameter kind='argument' name='browser' value='chrome-84.0.4147.89'/>
            </parameters>
            <steps>
                <step start='1594942983152' status='passed' stop='1594942983197'>
                    <name>POST /session/:sessionId/elements</name>
                    <title>POST /session/:sessionId/elements</title>
                    <attachments>
                        <attachment title='Request' source='0aaf541d-e8c4-44a0-bf21-0813fb1c9616-attachment.json' type='application/json' size='51'/>
                        <attachment title='Response' source='3589dba2-fb2e-4655-94a3-e4939dabe560-attachment.json' type='application/json' size='50'/>
                    </attachments>
                    <steps/>
                </step>
                <step start='1594942983200' status='passed' stop='1594942983220'>
                    <name>GET /session/:sessionId/element/0.27777994230331404-1/displayed</name>
                    <title>GET /session/:sessionId/element/0.27777994230331404-1/displayed</title>
                    <attachments>
                        <attachment title='Response' source='20b2630f-5c5a-48b3-a899-7f11480292d0-attachment.json' type='application/json' size='4'/>
                    </attachments>
                    <steps/>
                </step>
            </steps>
            <attachments/>
        </test-case>
        <test-case start='1594942983221' status='failed' stop='1594942983252'>
            <name>cancel has correct title</name>
            <title>cancel has correct title</title>
            <labels>
                <label name='language' value='javascript'/>
                <label name='framework' value='wdio'/>
                <label name='thread' value='0-0'/>
            </labels>
            <parameters>
                <parameter kind='argument' name='browser' value='chrome-84.0.4147.89'/>
            </parameters>
            <steps>
                <step start='1594942983221' status='passed' stop='1594942983231'>
                    <name>POST /session/:sessionId/elements</name>
                    <title>POST /session/:sessionId/elements</title>
                    <attachments>
                        <attachment title='Request' source='795edbfa-3a96-46f1-afb4-f0f4c768bd49-attachment.json' type='application/json' size='51'/>
                        <attachment title='Response' source='0cff4e78-4e9f-475f-a42a-95083f6a0c7f-attachment.json' type='application/json' size='50'/>
                    </attachments>
                    <steps/>
                </step>
                <step start='1594942983232' status='passed' stop='1594942983251'>
                    <name>GET /session/:sessionId/element/0.27777994230331404-1/text</name>
                    <title>GET /session/:sessionId/element/0.27777994230331404-1/text</title>
                    <attachments>
                        <attachment title='Response' source='fcdfc21c-81be-46ca-92a3-f8b450832d43-attachment.json' type='application/json' size='8'/>
                    </attachments>
                    <steps/>
                </step>
            </steps>
            <attachments/>
            <failure>
                <message>expected 'Log In' to equal 'Cancel'</message>
                <stack-trace>AssertionError: expected 'Log In' to equal 'Cancel'
                    at ForgotPasswordPage.cancelBtnTitleIsCorrect (/Users/julia/Alluma/TEST/Alluma/test/pages/forgot-password.page.js:109:16)
                    at Context.&lt;anonymous> (/Users/julia/Alluma/TEST/Alluma/test/specs/forgot-password.test.js:93:32)</stack-trace>
            </failure>
        </test-case>
        <test-case start='1594942983252' status='broken' stop='1594942983256'>
            <name>continue is displayed</name>
            <title>continue is displayed</title>
            <labels>
                <label name='language' value='javascript'/>
                <label name='framework' value='wdio'/>
                <label name='thread' value='0-0'/>
            </labels>
            <parameters>
                <parameter kind='argument' name='browser' value='chrome-84.0.4147.89'/>
            </parameters>
            <steps/>
            <attachments/>
            <failure>
                <message>selector needs to be typeof `string` or `function`</message>
                <stack-trace>Error: selector needs to be typeof `string` or `function`
                    at $$ (/Users/julia/Alluma/TEST/Alluma/node_modules/@wdio/runner/build/index.js:191:37)
                    at ForgotPasswordPage.continueBtnIsDisplayed (/Users/julia/Alluma/TEST/Alluma/test/pages/forgot-password.page.js:113:9)
                    at Context.&lt;anonymous> (/Users/julia/Alluma/TEST/Alluma/test/specs/forgot-password.test.js:97:32)</stack-trace>
            </failure>
        </test-case>
        <test-case start='1594942983257' status='broken' stop='1594942983274'>
            <name>continue has correct title</name>
            <title>continue has correct title</title>
            <labels>
                <label name='language' value='javascript'/>
                <label name='framework' value='wdio'/>
                <label name='thread' value='0-0'/>
            </labels>
            <parameters>
                <parameter kind='argument' name='browser' value='chrome-84.0.4147.89'/>
            </parameters>
            <steps>
                <step start='1594942983257' status='passed' stop='1594942983271'>
                    <name>POST /session/:sessionId/elements</name>
                    <title>POST /session/:sessionId/elements</title>
                    <attachments>
                        <attachment title='Request' source='897da502-ad1a-45fb-be56-be16de6f6c18-attachment.json' type='application/json' size='51'/>
                        <attachment title='Response' source='fbf01cfc-64c5-4cd8-82a7-e10cc74a82d9-attachment.json' type='application/json' size='50'/>
                    </attachments>
                    <steps/>
                </step>
            </steps>
            <attachments/>
            <failure>
                <message>Cannot read property 'getText' of undefined</message>
                <stack-trace>TypeError: Cannot read property 'getText' of undefined
                    at ForgotPasswordPage.continueBtnTitleIsCorrect (/Users/julia/Alluma/TEST/Alluma/test/pages/forgot-password.page.js:118:28)
                    at Context.&lt;anonymous> (/Users/julia/Alluma/TEST/Alluma/test/specs/forgot-password.test.js:101:32)</stack-trace>
            </failure>
        </test-case>
    </test-cases>
</ns2:test-suite>