<?xml version='1.0'?>
<ns2:test-suite xmlns:ns2='urn:model.allure.qatools.yandex.ru' start='1594918856658' stop='1594918856718'>
    <name>Forgot Username: Recover Username Form: Password Input Field</name>
    <title>Forgot Username: Recover Username Form: Password Input Field</title>
    <test-cases>
        <test-case start='1594918856661' status='broken' stop='1594918856662'>
            <name>is displayed</name>
            <title>is displayed</title>
            <labels>
                <label name='language' value='javascript'/>
                <label name='framework' value='wdio'/>
                <label name='thread' value='0-0'/>
            </labels>
            <parameters>
                <parameter kind='argument' name='browser' value='chrome-84.0.4147.89'/>
            </parameters>
            <steps/>
            <attachments/>
            <failure>
                <message>selector needs to be typeof `string` or `function`</message>
                <stack-trace>Error: selector needs to be typeof `string` or `function`
                    at $ (/Users/julia/Alluma/TEST/Alluma/node_modules/@wdio/runner/build/index.js:189:36)
                    at ForgotUsernamePage.passwordInputFieldDisplayed (/Users/julia/Alluma/TEST/Alluma/test/pages/forgot-user-name.page.js:87:9)
                    at Context.&lt;anonymous> (/Users/julia/Alluma/TEST/Alluma/test/specs/forgot-user-name.test.js:95:36)</stack-trace>
            </failure>
        </test-case>
        <test-case start='1594918856662' status='broken' stop='1594918856700'>
            <name>has correct title</name>
            <title>has correct title</title>
            <labels>
                <label name='language' value='javascript'/>
                <label name='framework' value='wdio'/>
                <label name='thread' value='0-0'/>
            </labels>
            <parameters>
                <parameter kind='argument' name='browser' value='chrome-84.0.4147.89'/>
            </parameters>
            <steps>
                <step start='1594918856662' status='passed' stop='1594918856678'>
                    <name>POST /session/:sessionId/elements</name>
                    <title>POST /session/:sessionId/elements</title>
                    <attachments>
                        <attachment title='Request' source='f5b3bdf9-a9f7-4151-973d-992233ea03f9-attachment.json' type='application/json' size='64'/>
                        <attachment title='Response' source='af12cb18-ed6f-41a4-8656-2d50d1fa0c9d-attachment.json' type='application/json' size='49'/>
                    </attachments>
                    <steps/>
                </step>
            </steps>
            <attachments/>
            <failure>
                <message>Cannot read property 'isDisplayed' of undefined</message>
                <stack-trace>TypeError: Cannot read property 'isDisplayed' of undefined
                    at ForgotUsernamePage.passwordLabelIsDisplayed (/Users/julia/Alluma/TEST/Alluma/test/pages/forgot-user-name.page.js:91:15)
                    at Context.&lt;anonymous> (/Users/julia/Alluma/TEST/Alluma/test/specs/forgot-user-name.test.js:99:36)</stack-trace>
            </failure>
        </test-case>
        <test-case start='1594918856700' status='broken' stop='1594918856701'>
            <name>password input symbols</name>
            <title>password input symbols</title>
            <labels>
                <label name='language' value='javascript'/>
                <label name='framework' value='wdio'/>
                <label name='thread' value='0-0'/>
            </labels>
            <parameters>
                <parameter kind='argument' name='browser' value='chrome-84.0.4147.89'/>
            </parameters>
            <steps/>
            <attachments/>
            <failure>
                <message>_forgotUserName.default.inputSymbolsPsw is not a function</message>
                <stack-trace>TypeError: _forgotUserName.default.inputSymbolsPsw is not a function
                    at Context.&lt;anonymous> (/Users/julia/Alluma/TEST/Alluma/test/specs/forgot-user-name.test.js:102:36)</stack-trace>
            </failure>
        </test-case>
        <test-case start='1594918856701' status='broken' stop='1594918856704'>
            <name>password erase symbols</name>
            <title>password erase symbols</title>
            <labels>
                <label name='language' value='javascript'/>
                <label name='framework' value='wdio'/>
                <label name='thread' value='0-0'/>
            </labels>
            <parameters>
                <parameter kind='argument' name='browser' value='chrome-84.0.4147.89'/>
            </parameters>
            <steps/>
            <attachments/>
            <failure>
                <message>_forgotUserName.default.eraseSymbolsPsw is not a function</message>
                <stack-trace>TypeError: _forgotUserName.default.eraseSymbolsPsw is not a function
                    at Context.&lt;anonymous> (/Users/julia/Alluma/TEST/Alluma/test/specs/forgot-user-name.test.js:106:36)</stack-trace>
            </failure>
        </test-case>
        <test-case start='1594918856704' status='broken' stop='1594918856707'>
            <name>99 symbols psw input field</name>
            <title>99 symbols psw input field</title>
            <labels>
                <label name='language' value='javascript'/>
                <label name='framework' value='wdio'/>
                <label name='thread' value='0-0'/>
            </labels>
            <parameters>
                <parameter kind='argument' name='browser' value='chrome-84.0.4147.89'/>
            </parameters>
            <steps/>
            <attachments/>
            <failure>
                <message>_forgotUserName.default.input99SymbolsPsw is not a function</message>
                <stack-trace>TypeError: _forgotUserName.default.input99SymbolsPsw is not a function
                    at Context.&lt;anonymous> (/Users/julia/Alluma/TEST/Alluma/test/specs/forgot-user-name.test.js:110:36)</stack-trace>
            </failure>
        </test-case>
        <test-case start='1594918856707' status='broken' stop='1594918856708'>
            <name>100 symbols psw input field</name>
            <title>100 symbols psw input field</title>
            <labels>
                <label name='language' value='javascript'/>
                <label name='framework' value='wdio'/>
                <label name='thread' value='0-0'/>
            </labels>
            <parameters>
                <parameter kind='argument' name='browser' value='chrome-84.0.4147.89'/>
            </parameters>
            <steps/>
            <attachments/>
            <failure>
                <message>_forgotUserName.default.input100SymbolsPsw is not a function</message>
                <stack-trace>TypeError: _forgotUserName.default.input100SymbolsPsw is not a function
                    at Context.&lt;anonymous> (/Users/julia/Alluma/TEST/Alluma/test/specs/forgot-user-name.test.js:114:36)</stack-trace>
            </failure>
        </test-case>
        <test-case start='1594918856708' status='broken' stop='1594918856711'>
            <name>101 symbols psw input field</name>
            <title>101 symbols psw input field</title>
            <labels>
                <label name='language' value='javascript'/>
                <label name='framework' value='wdio'/>
                <label name='thread' value='0-0'/>
            </labels>
            <parameters>
                <parameter kind='argument' name='browser' value='chrome-84.0.4147.89'/>
            </parameters>
            <steps/>
            <attachments/>
            <failure>
                <message>_forgotUserName.default.input101SymbolsPsw is not a function</message>
                <stack-trace>TypeError: _forgotUserName.default.input101SymbolsPsw is not a function
                    at Context.&lt;anonymous> (/Users/julia/Alluma/TEST/Alluma/test/specs/forgot-user-name.test.js:118:36)</stack-trace>
            </failure>
        </test-case>
        <test-case start='1594918856711' status='broken' stop='1594918856712'>
            <name>throws an error msg on empty submitting</name>
            <title>throws an error msg on empty submitting</title>
            <labels>
                <label name='language' value='javascript'/>
                <label name='framework' value='wdio'/>
                <label name='thread' value='0-0'/>
            </labels>
            <parameters>
                <parameter kind='argument' name='browser' value='chrome-84.0.4147.89'/>
            </parameters>
            <steps/>
            <attachments/>
            <failure>
                <message>_forgotUserName.default.submitEmptyPsw is not a function</message>
                <stack-trace>TypeError: _forgotUserName.default.submitEmptyPsw is not a function
                    at Context.&lt;anonymous> (/Users/julia/Alluma/TEST/Alluma/test/specs/forgot-user-name.test.js:122:36)</stack-trace>
            </failure>
        </test-case>
        <test-case start='1594918856712' status='broken' stop='1594918856718'>
            <name>password is obscured</name>
            <title>password is obscured</title>
            <labels>
                <label name='language' value='javascript'/>
                <label name='framework' value='wdio'/>
                <label name='thread' value='0-0'/>
            </labels>
            <parameters>
                <parameter kind='argument' name='browser' value='chrome-84.0.4147.89'/>
            </parameters>
            <steps/>
            <attachments/>
            <failure>
                <message>_forgotUserName.default.obscuredPsw is not a function</message>
                <stack-trace>TypeError: _forgotUserName.default.obscuredPsw is not a function
                    at Context.&lt;anonymous> (/Users/julia/Alluma/TEST/Alluma/test/specs/forgot-user-name.test.js:126:36)</stack-trace>
            </failure>
        </test-case>
    </test-cases>
</ns2:test-suite>