<?xml version='1.0'?>
<ns2:test-suite xmlns:ns2='urn:model.allure.qatools.yandex.ru' start='1594939883277' stop='1594939883582'>
    <name>Forgot Password: Link forgot username</name>
    <title>Forgot Password: Link forgot username</title>
    <test-cases>
        <test-case start='1594939883277' status='passed' stop='1594939883333'>
            <name>is displayed and is correct</name>
            <title>is displayed and is correct</title>
            <labels>
                <label name='language' value='javascript'/>
                <label name='framework' value='wdio'/>
                <label name='thread' value='0-0'/>
            </labels>
            <parameters>
                <parameter kind='argument' name='browser' value='chrome-84.0.4147.89'/>
            </parameters>
            <steps>
                <step start='1594939883286' status='passed' stop='1594939883302'>
                    <name>POST /session/:sessionId/element</name>
                    <title>POST /session/:sessionId/element</title>
                    <attachments>
                        <attachment title='Request' source='6fd87400-0bae-4dfe-95ba-28e708799381-attachment.json' type='application/json' size='62'/>
                        <attachment title='Response' source='c4312894-b934-42ce-9bc5-33d7442bd747-attachment.json' type='application/json' size='40'/>
                    </attachments>
                    <steps/>
                </step>
                <step start='1594939883305' status='passed' stop='1594939883317'>
                    <name>GET /session/:sessionId/element/0.18489354662155155-5/displayed</name>
                    <title>GET /session/:sessionId/element/0.18489354662155155-5/displayed</title>
                    <attachments>
                        <attachment title='Response' source='bc58b997-358e-4c89-808c-82b4fb5550db-attachment.json' type='application/json' size='4'/>
                    </attachments>
                    <steps/>
                </step>
                <step start='1594939883317' status='passed' stop='1594939883332'>
                    <name>GET /session/:sessionId/element/0.18489354662155155-5/text</name>
                    <title>GET /session/:sessionId/element/0.18489354662155155-5/text</title>
                    <attachments>
                        <attachment title='Response' source='c9e13e0d-d83e-4f07-a95f-510de8056d81-attachment.json' type='application/json' size='23'/>
                    </attachments>
                    <steps/>
                </step>
            </steps>
            <attachments/>
        </test-case>
        <test-case start='1594939883333' status='passed' stop='1594939883513'>
            <name>is clickable</name>
            <title>is clickable</title>
            <labels>
                <label name='language' value='javascript'/>
                <label name='framework' value='wdio'/>
                <label name='thread' value='0-0'/>
            </labels>
            <parameters>
                <parameter kind='argument' name='browser' value='chrome-84.0.4147.89'/>
            </parameters>
            <steps>
                <step start='1594939883333' status='passed' stop='1594939883350'>
                    <name>POST /session/:sessionId/element</name>
                    <title>POST /session/:sessionId/element</title>
                    <attachments>
                        <attachment title='Request' source='6c3d5dad-6241-4370-b3fc-20d1c1e8382a-attachment.json' type='application/json' size='62'/>
                        <attachment title='Response' source='dae1b239-20a4-42ca-8da0-dd0a6172e9e7-attachment.json' type='application/json' size='40'/>
                    </attachments>
                    <steps/>
                </step>
                <step start='1594939883352' status='passed' stop='1594939883512'>
                    <name>POST /session/:sessionId/element/0.18489354662155155-5/click</name>
                    <title>POST /session/:sessionId/element/0.18489354662155155-5/click</title>
                    <attachments/>
                    <steps/>
                </step>
            </steps>
            <attachments/>
        </test-case>
        <test-case start='1594939883514' status='failed' stop='1594939883581'>
            <name>url is correct</name>
            <title>url is correct</title>
            <labels>
                <label name='language' value='javascript'/>
                <label name='framework' value='wdio'/>
                <label name='thread' value='0-0'/>
            </labels>
            <parameters>
                <parameter kind='argument' name='browser' value='chrome-84.0.4147.89'/>
            </parameters>
            <steps>
                <step start='1594939883514' status='passed' stop='1594939883533'>
                    <name>POST /session/:sessionId/element</name>
                    <title>POST /session/:sessionId/element</title>
                    <attachments>
                        <attachment title='Request' source='2460bb77-50d3-429a-b77e-c351dc20704f-attachment.json' type='application/json' size='62'/>
                        <attachment title='Response' source='d26fdfad-0ddc-497f-9250-4e7afa3791b8-attachment.json' type='application/json' size='40'/>
                    </attachments>
                    <steps/>
                </step>
                <step start='1594939883535' status='passed' stop='1594939883556'>
                    <name>GET /session/:sessionId/element/0.36095294463447614-1/attribute/href</name>
                    <title>GET /session/:sessionId/element/0.36095294463447614-1/attribute/href</title>
                    <attachments>
                        <attachment title='Response' source='edc894a7-4535-4515-a457-788b4cf8b85c-attachment.json' type='application/json' size='577'/>
                    </attachments>
                    <steps/>
                </step>
            </steps>
            <attachments/>
            <failure>
                <message>expected false to be true</message>
                <stack-trace>AssertionError: expected false to be true
                    at ForgotPasswordPage.usernameUrlIsCorrect (/Users/julia/Alluma/TEST/Alluma/test/pages/forgot-password.page.js:47:16)
                    at Context.&lt;anonymous> (/Users/julia/Alluma/TEST/Alluma/test/specs/forgot-password.test.js:45:32)</stack-trace>
            </failure>
        </test-case>
    </test-cases>
</ns2:test-suite>