<?xml version='1.0'?>
<ns2:test-suite xmlns:ns2='urn:model.allure.qatools.yandex.ru' start='1594942722480' stop='1594942722602'>
    <name>Forgot Password: Buttons</name>
    <title>Forgot Password: Buttons</title>
    <test-cases>
        <test-case start='1594942722482' status='passed' stop='1594942722524'>
            <name>cancel is displayed</name>
            <title>cancel is displayed</title>
            <labels>
                <label name='language' value='javascript'/>
                <label name='framework' value='wdio'/>
                <label name='thread' value='0-0'/>
            </labels>
            <parameters>
                <parameter kind='argument' name='browser' value='chrome-84.0.4147.89'/>
            </parameters>
            <steps>
                <step start='1594942722483' status='passed' stop='1594942722505'>
                    <name>POST /session/:sessionId/elements</name>
                    <title>POST /session/:sessionId/elements</title>
                    <attachments>
                        <attachment title='Request' source='19a285ff-2ab4-40fb-862e-591f6fc1a0ff-attachment.json' type='application/json' size='51'/>
                        <attachment title='Response' source='3d9ea1fc-cb4c-4205-ab5d-d22eb91c6a03-attachment.json' type='application/json' size='50'/>
                    </attachments>
                    <steps/>
                </step>
                <step start='1594942722508' status='passed' stop='1594942722524'>
                    <name>GET /session/:sessionId/element/0.46798040588294554-1/displayed</name>
                    <title>GET /session/:sessionId/element/0.46798040588294554-1/displayed</title>
                    <attachments>
                        <attachment title='Response' source='a7dc706c-085e-40df-9f85-1bfd11ae73fe-attachment.json' type='application/json' size='4'/>
                    </attachments>
                    <steps/>
                </step>
            </steps>
            <attachments/>
        </test-case>
        <test-case start='1594942722525' status='failed' stop='1594942722580'>
            <name>cancel has correct title</name>
            <title>cancel has correct title</title>
            <labels>
                <label name='language' value='javascript'/>
                <label name='framework' value='wdio'/>
                <label name='thread' value='0-0'/>
            </labels>
            <parameters>
                <parameter kind='argument' name='browser' value='chrome-84.0.4147.89'/>
            </parameters>
            <steps>
                <step start='1594942722525' status='passed' stop='1594942722559'>
                    <name>POST /session/:sessionId/elements</name>
                    <title>POST /session/:sessionId/elements</title>
                    <attachments>
                        <attachment title='Request' source='7a7dc85c-983d-41b1-9f12-48fa2209c074-attachment.json' type='application/json' size='51'/>
                        <attachment title='Response' source='4353059d-fd61-4dc7-a8a1-e0923dbd5a3d-attachment.json' type='application/json' size='50'/>
                    </attachments>
                    <steps/>
                </step>
                <step start='1594942722560' status='passed' stop='1594942722578'>
                    <name>GET /session/:sessionId/element/0.46798040588294554-1/text</name>
                    <title>GET /session/:sessionId/element/0.46798040588294554-1/text</title>
                    <attachments>
                        <attachment title='Response' source='47d4a8b0-6166-4593-afd2-f80954368cf6-attachment.json' type='application/json' size='8'/>
                    </attachments>
                    <steps/>
                </step>
            </steps>
            <attachments/>
            <failure>
                <message>expected 'Log In' to equal 'Cancel'</message>
                <stack-trace>AssertionError: expected 'Log In' to equal 'Cancel'
                    at ForgotPasswordPage.cancelBtnTitleIsCorrect (/Users/julia/Alluma/TEST/Alluma/test/pages/forgot-password.page.js:109:16)
                    at Context.&lt;anonymous> (/Users/julia/Alluma/TEST/Alluma/test/specs/forgot-password.test.js:93:32)</stack-trace>
            </failure>
        </test-case>
        <test-case start='1594942722580' status='broken' stop='1594942722584'>
            <name>continue is displayed</name>
            <title>continue is displayed</title>
            <labels>
                <label name='language' value='javascript'/>
                <label name='framework' value='wdio'/>
                <label name='thread' value='0-0'/>
            </labels>
            <parameters>
                <parameter kind='argument' name='browser' value='chrome-84.0.4147.89'/>
            </parameters>
            <steps/>
            <attachments/>
            <failure>
                <message>selector needs to be typeof `string` or `function`</message>
                <stack-trace>Error: selector needs to be typeof `string` or `function`
                    at $$ (/Users/julia/Alluma/TEST/Alluma/node_modules/@wdio/runner/build/index.js:191:37)
                    at ForgotPasswordPage.continueBtnIsDisplayed (/Users/julia/Alluma/TEST/Alluma/test/pages/forgot-password.page.js:113:9)
                    at Context.&lt;anonymous> (/Users/julia/Alluma/TEST/Alluma/test/specs/forgot-password.test.js:97:32)</stack-trace>
            </failure>
        </test-case>
        <test-case start='1594942722584' status='broken' stop='1594942722602'>
            <name>continue has correct title</name>
            <title>continue has correct title</title>
            <labels>
                <label name='language' value='javascript'/>
                <label name='framework' value='wdio'/>
                <label name='thread' value='0-0'/>
            </labels>
            <parameters>
                <parameter kind='argument' name='browser' value='chrome-84.0.4147.89'/>
            </parameters>
            <steps>
                <step start='1594942722585' status='passed' stop='1594942722599'>
                    <name>POST /session/:sessionId/elements</name>
                    <title>POST /session/:sessionId/elements</title>
                    <attachments>
                        <attachment title='Request' source='fbf14501-e9c3-4730-9eba-7c07e7982ef8-attachment.json' type='application/json' size='51'/>
                        <attachment title='Response' source='a494842b-1f0c-4ccd-848f-b5db5f853195-attachment.json' type='application/json' size='50'/>
                    </attachments>
                    <steps/>
                </step>
            </steps>
            <attachments/>
            <failure>
                <message>Cannot read property 'getText' of undefined</message>
                <stack-trace>TypeError: Cannot read property 'getText' of undefined
                    at ForgotPasswordPage.continueBtnTitleIsCorrect (/Users/julia/Alluma/TEST/Alluma/test/pages/forgot-password.page.js:118:28)
                    at Context.&lt;anonymous> (/Users/julia/Alluma/TEST/Alluma/test/specs/forgot-password.test.js:101:32)</stack-trace>
            </failure>
        </test-case>
    </test-cases>
</ns2:test-suite>