<?xml version='1.0'?>
<ns2:test-suite xmlns:ns2='urn:model.allure.qatools.yandex.ru' start='1594918856181' stop='1594918856802'>
    <name>Forgot Username: Recover Username Form</name>
    <title>Forgot Username: Recover Username Form</title>
    <test-cases>
        <test-case start='1594918856181' status='broken' stop='1594918856204'>
            <name>is displayed</name>
            <title>is displayed</title>
            <labels>
                <label name='language' value='javascript'/>
                <label name='framework' value='wdio'/>
                <label name='thread' value='0-0'/>
            </labels>
            <parameters>
                <parameter kind='argument' name='browser' value='chrome-84.0.4147.89'/>
            </parameters>
            <steps/>
            <attachments/>
            <failure>
                <message>selector needs to be typeof `string` or `function`</message>
                <stack-trace>Error: selector needs to be typeof `string` or `function`
                    at $ (/Users/julia/Alluma/TEST/Alluma/node_modules/@wdio/runner/build/index.js:189:36)
                    at ForgotUsernamePage.loginFormIsDisplayed (/Users/julia/Alluma/TEST/Alluma/test/pages/forgot-user-name.page.js:20:9)
                    at Context.&lt;anonymous> (/Users/julia/Alluma/TEST/Alluma/test/specs/forgot-user-name.test.js:18:32)</stack-trace>
            </failure>
        </test-case>
        <test-case start='1594918856204' status='passed' stop='1594918856388'>
            <name>has correct title</name>
            <title>has correct title</title>
            <labels>
                <label name='language' value='javascript'/>
                <label name='framework' value='wdio'/>
                <label name='thread' value='0-0'/>
            </labels>
            <parameters>
                <parameter kind='argument' name='browser' value='chrome-84.0.4147.89'/>
            </parameters>
            <steps>
                <step start='1594918856205' status='passed' stop='1594918856365'>
                    <name>POST /session/:sessionId/elements</name>
                    <title>POST /session/:sessionId/elements</title>
                    <attachments>
                        <attachment title='Request' source='b1d00014-40dd-46bd-8532-6839f4435f7f-attachment.json' type='application/json' size='65'/>
                        <attachment title='Response' source='f84aa354-08cb-497b-8a71-be9482cfb4bb-attachment.json' type='application/json' size='49'/>
                    </attachments>
                    <steps/>
                </step>
                <step start='1594918856367' status='passed' stop='1594918856387'>
                    <name>GET /session/:sessionId/element/0.4527326334399995-2/text</name>
                    <title>GET /session/:sessionId/element/0.4527326334399995-2/text</title>
                    <attachments>
                        <attachment title='Response' source='de9c9a44-2f87-4f7b-8b0c-4d3c472d64a9-attachment.json' type='application/json' size='13'/>
                    </attachments>
                    <steps/>
                </step>
            </steps>
            <attachments/>
        </test-case>
        <test-case start='1594918856389' status='broken' stop='1594918856390'>
            <name>greeting has correct title</name>
            <title>greeting has correct title</title>
            <labels>
                <label name='language' value='javascript'/>
                <label name='framework' value='wdio'/>
                <label name='thread' value='0-0'/>
            </labels>
            <parameters>
                <parameter kind='argument' name='browser' value='chrome-84.0.4147.89'/>
            </parameters>
            <steps/>
            <attachments/>
            <failure>
                <message>_forgotUserName.default.homePageGreeting is not a function</message>
                <stack-trace>TypeError: _forgotUserName.default.homePageGreeting is not a function
                    at Context.&lt;anonymous> (/Users/julia/Alluma/TEST/Alluma/test/specs/forgot-user-name.test.js:28:32)</stack-trace>
            </failure>
        </test-case>
        <test-case start='1594918856390' status='broken' stop='1594918856391'>
            <name>title3 is displayed</name>
            <title>title3 is displayed</title>
            <labels>
                <label name='language' value='javascript'/>
                <label name='framework' value='wdio'/>
                <label name='thread' value='0-0'/>
            </labels>
            <parameters>
                <parameter kind='argument' name='browser' value='chrome-84.0.4147.89'/>
            </parameters>
            <steps/>
            <attachments/>
            <failure>
                <message>selector needs to be typeof `string` or `function`</message>
                <stack-trace>Error: selector needs to be typeof `string` or `function`
                    at $ (/Users/julia/Alluma/TEST/Alluma/node_modules/@wdio/runner/build/index.js:189:36)
                    at ForgotUsernamePage.text1IsDisplayed (/Users/julia/Alluma/TEST/Alluma/test/pages/forgot-user-name.page.js:24:23)
                    at Context.&lt;anonymous> (/Users/julia/Alluma/TEST/Alluma/test/specs/forgot-user-name.test.js:33:32)</stack-trace>
            </failure>
        </test-case>
        <test-case start='1594918856392' status='broken' stop='1594918856393'>
            <name>title4 is displayed</name>
            <title>title4 is displayed</title>
            <labels>
                <label name='language' value='javascript'/>
                <label name='framework' value='wdio'/>
                <label name='thread' value='0-0'/>
            </labels>
            <parameters>
                <parameter kind='argument' name='browser' value='chrome-84.0.4147.89'/>
            </parameters>
            <steps/>
            <attachments/>
            <failure>
                <message>selector needs to be typeof `string` or `function`</message>
                <stack-trace>Error: selector needs to be typeof `string` or `function`
                    at $$ (/Users/julia/Alluma/TEST/Alluma/node_modules/@wdio/runner/build/index.js:191:37)
                    at ForgotUsernamePage.text2IsDisplayed (/Users/julia/Alluma/TEST/Alluma/test/pages/forgot-user-name.page.js:29:23)
                    at Context.&lt;anonymous> (/Users/julia/Alluma/TEST/Alluma/test/specs/forgot-user-name.test.js:38:32)</stack-trace>
            </failure>
        </test-case>
        <test-case start='1594918856394' status='broken' stop='1594918856421'>
            <name>forgot text block is displayed</name>
            <title>forgot text block is displayed</title>
            <labels>
                <label name='language' value='javascript'/>
                <label name='framework' value='wdio'/>
                <label name='thread' value='0-0'/>
            </labels>
            <parameters>
                <parameter kind='argument' name='browser' value='chrome-84.0.4147.89'/>
            </parameters>
            <steps>
                <step start='1594918856394' status='passed' stop='1594918856418'>
                    <name>POST /session/:sessionId/elements</name>
                    <title>POST /session/:sessionId/elements</title>
                    <attachments>
                        <attachment title='Request' source='2273b01b-7a04-4ee8-9ec2-604a3d841321-attachment.json' type='application/json' size='63'/>
                        <attachment title='Response' source='bfcafdc2-6749-4e40-98ed-41449a54d7b5-attachment.json' type='application/json' size='49'/>
                    </attachments>
                    <steps/>
                </step>
            </steps>
            <attachments/>
            <failure>
                <message>Cannot read property 'getText' of undefined</message>
                <stack-trace>TypeError: Cannot read property 'getText' of undefined
                    at ForgotUsernamePage.forgotTextBlock (/Users/julia/Alluma/TEST/Alluma/test/pages/forgot-user-name.page.js:40:27)
                    at Context.&lt;anonymous> (/Users/julia/Alluma/TEST/Alluma/test/specs/forgot-user-name.test.js:42:32)</stack-trace>
            </failure>
        </test-case>
        <test-case start='1594918856421' status='broken' stop='1594918856423'>
            <name>text block is displayed</name>
            <title>text block is displayed</title>
            <labels>
                <label name='language' value='javascript'/>
                <label name='framework' value='wdio'/>
                <label name='thread' value='0-0'/>
            </labels>
            <parameters>
                <parameter kind='argument' name='browser' value='chrome-84.0.4147.89'/>
            </parameters>
            <steps/>
            <attachments/>
            <failure>
                <message>selector needs to be typeof `string` or `function`</message>
                <stack-trace>Error: selector needs to be typeof `string` or `function`
                    at $$ (/Users/julia/Alluma/TEST/Alluma/node_modules/@wdio/runner/build/index.js:191:37)
                    at ForgotUsernamePage.textBlockIsDisplayed (/Users/julia/Alluma/TEST/Alluma/test/pages/forgot-user-name.page.js:68:23)
                    at Context.&lt;anonymous> (/Users/julia/Alluma/TEST/Alluma/test/specs/forgot-user-name.test.js:161:32)</stack-trace>
            </failure>
        </test-case>
        <test-case start='1594918856423' status='broken' stop='1594918856425'>
            <name>last text block is displayed</name>
            <title>last text block is displayed</title>
            <labels>
                <label name='language' value='javascript'/>
                <label name='framework' value='wdio'/>
                <label name='thread' value='0-0'/>
            </labels>
            <parameters>
                <parameter kind='argument' name='browser' value='chrome-84.0.4147.89'/>
            </parameters>
            <steps/>
            <attachments/>
            <failure>
                <message>selector needs to be typeof `string` or `function`</message>
                <stack-trace>Error: selector needs to be typeof `string` or `function`
                    at $$ (/Users/julia/Alluma/TEST/Alluma/node_modules/@wdio/runner/build/index.js:191:37)
                    at ForgotUsernamePage.lastTextBlockIsDisplayed (/Users/julia/Alluma/TEST/Alluma/test/pages/forgot-user-name.page.js:74:23)
                    at Context.&lt;anonymous> (/Users/julia/Alluma/TEST/Alluma/test/specs/forgot-user-name.test.js:165:32)</stack-trace>
            </failure>
        </test-case>
    </test-cases>
</ns2:test-suite>