<?xml version='1.0'?>
<ns2:test-suite xmlns:ns2='urn:model.allure.qatools.yandex.ru' start='1594912476279' stop='1594912476649'>
    <name>Home Page: Login Form: Password Input Field</name>
    <title>Home Page: Login Form: Password Input Field</title>
    <test-cases>
        <test-case start='1594912476280' status='passed' stop='1594912476314'>
            <name>is displayed</name>
            <title>is displayed</title>
            <labels>
                <label name='language' value='javascript'/>
                <label name='framework' value='wdio'/>
                <label name='thread' value='0-4'/>
            </labels>
            <parameters>
                <parameter kind='argument' name='browser' value='chrome-84.0.4147.89'/>
            </parameters>
            <steps>
                <step start='1594912476280' status='passed' stop='1594912476294'>
                    <name>POST /session/:sessionId/element</name>
                    <title>POST /session/:sessionId/element</title>
                    <attachments>
                        <attachment title='Request' source='9f13fab2-cd49-4d89-b272-378684b0471f-attachment.json' type='application/json' size='53'/>
                        <attachment title='Response' source='8d50fa8e-a551-4002-9e03-ae3be7f9eaf4-attachment.json' type='application/json' size='40'/>
                    </attachments>
                    <steps/>
                </step>
                <step start='1594912476296' status='passed' stop='1594912476311'>
                    <name>GET /session/:sessionId/element/0.12000585641239314-3/displayed</name>
                    <title>GET /session/:sessionId/element/0.12000585641239314-3/displayed</title>
                    <attachments>
                        <attachment title='Response' source='6f7a1be6-d515-41c8-a901-7b8801757723-attachment.json' type='application/json' size='4'/>
                    </attachments>
                    <steps/>
                </step>
            </steps>
            <attachments/>
        </test-case>
        <test-case start='1594912476314' status='passed' stop='1594912476359'>
            <name>has correct title</name>
            <title>has correct title</title>
            <labels>
                <label name='language' value='javascript'/>
                <label name='framework' value='wdio'/>
                <label name='thread' value='0-4'/>
            </labels>
            <parameters>
                <parameter kind='argument' name='browser' value='chrome-84.0.4147.89'/>
            </parameters>
            <steps>
                <step start='1594912476314' status='passed' stop='1594912476326'>
                    <name>POST /session/:sessionId/elements</name>
                    <title>POST /session/:sessionId/elements</title>
                    <attachments>
                        <attachment title='Request' source='fe73eeae-8501-4238-bb97-372f9281822f-attachment.json' type='application/json' size='67'/>
                        <attachment title='Response' source='713df281-464e-4e6d-a5ff-6704b117c08f-attachment.json' type='application/json' size='98'/>
                    </attachments>
                    <steps/>
                </step>
                <step start='1594912476330' status='passed' stop='1594912476343'>
                    <name>GET /session/:sessionId/element/0.12000585641239314-5/displayed</name>
                    <title>GET /session/:sessionId/element/0.12000585641239314-5/displayed</title>
                    <attachments>
                        <attachment title='Response' source='fe427795-90c5-48fd-8f41-ebe2b2cfc0f8-attachment.json' type='application/json' size='4'/>
                    </attachments>
                    <steps/>
                </step>
                <step start='1594912476344' status='passed' stop='1594912476359'>
                    <name>GET /session/:sessionId/element/0.12000585641239314-5/text</name>
                    <title>GET /session/:sessionId/element/0.12000585641239314-5/text</title>
                    <attachments>
                        <attachment title='Response' source='a25c860c-9fce-410f-8311-5858fe24dc36-attachment.json' type='application/json' size='19'/>
                    </attachments>
                    <steps/>
                </step>
            </steps>
            <attachments/>
        </test-case>
        <test-case start='1594912476360' status='passed' stop='1594912476476'>
            <name>password input symbols</name>
            <title>password input symbols</title>
            <labels>
                <label name='language' value='javascript'/>
                <label name='framework' value='wdio'/>
                <label name='thread' value='0-4'/>
            </labels>
            <parameters>
                <parameter kind='argument' name='browser' value='chrome-84.0.4147.89'/>
            </parameters>
            <steps>
                <step start='1594912476360' status='passed' stop='1594912476368'>
                    <name>POST /session/:sessionId/element</name>
                    <title>POST /session/:sessionId/element</title>
                    <attachments>
                        <attachment title='Request' source='e7d2167e-2d29-47b5-a201-0b2245cdc6b4-attachment.json' type='application/json' size='53'/>
                        <attachment title='Response' source='60744350-7169-4b25-9fb4-f59920b58b12-attachment.json' type='application/json' size='40'/>
                    </attachments>
                    <steps/>
                </step>
                <step start='1594912476371' status='passed' stop='1594912476393'>
                    <name>POST /session/:sessionId/element/0.12000585641239314-3/clear</name>
                    <title>POST /session/:sessionId/element/0.12000585641239314-3/clear</title>
                    <attachments/>
                    <steps/>
                </step>
                <step start='1594912476393' status='passed' stop='1594912476465'>
                    <name>POST /session/:sessionId/element/0.12000585641239314-3/value</name>
                    <title>POST /session/:sessionId/element/0.12000585641239314-3/value</title>
                    <attachments>
                        <attachment title='Request' source='f255c20b-ac45-4ac8-a075-cf52467ed69b-attachment.json' type='application/json' size='100'/>
                    </attachments>
                    <steps/>
                </step>
                <step start='1594912476465' status='passed' stop='1594912476474'>
                    <name>GET /session/:sessionId/element/0.12000585641239314-3/attribute/value</name>
                    <title>GET /session/:sessionId/element/0.12000585641239314-3/attribute/value</title>
                    <attachments>
                        <attachment title='Response' source='746b9f51-f641-4864-8dda-650cf4c7c590-attachment.json' type='application/json' size='11'/>
                    </attachments>
                    <steps/>
                </step>
            </steps>
            <attachments/>
        </test-case>
        <test-case start='1594912476476' status='passed' stop='1594912476622'>
            <name>password erase symbols</name>
            <title>password erase symbols</title>
            <labels>
                <label name='language' value='javascript'/>
                <label name='framework' value='wdio'/>
                <label name='thread' value='0-4'/>
            </labels>
            <parameters>
                <parameter kind='argument' name='browser' value='chrome-84.0.4147.89'/>
            </parameters>
            <steps>
                <step start='1594912476476' status='passed' stop='1594912476488'>
                    <name>POST /session/:sessionId/element</name>
                    <title>POST /session/:sessionId/element</title>
                    <attachments>
                        <attachment title='Request' source='673f7cb0-390d-4b70-a63e-5ed2652421dd-attachment.json' type='application/json' size='53'/>
                        <attachment title='Response' source='4ae1d7ad-b87a-4e69-b61a-65a0d42bcebb-attachment.json' type='application/json' size='40'/>
                    </attachments>
                    <steps/>
                </step>
                <step start='1594912476489' status='passed' stop='1594912476506'>
                    <name>POST /session/:sessionId/element/0.12000585641239314-3/clear</name>
                    <title>POST /session/:sessionId/element/0.12000585641239314-3/clear</title>
                    <attachments/>
                    <steps/>
                </step>
                <step start='1594912476507' status='passed' stop='1594912476603'>
                    <name>POST /session/:sessionId/element/0.12000585641239314-3/value</name>
                    <title>POST /session/:sessionId/element/0.12000585641239314-3/value</title>
                    <attachments>
                        <attachment title='Request' source='81f7743f-08c5-4815-ba15-cb51bd7c7b0a-attachment.json' type='application/json' size='100'/>
                    </attachments>
                    <steps/>
                </step>
                <step start='1594912476603' status='passed' stop='1594912476613'>
                    <name>POST /session/:sessionId/keys</name>
                    <title>POST /session/:sessionId/keys</title>
                    <attachments>
                        <attachment title='Request' source='2e83b30d-c68e-407b-9a73-838b9dc135e5-attachment.json' type='application/json' size='28'/>
                    </attachments>
                    <steps/>
                </step>
                <step start='1594912476613' status='passed' stop='1594912476621'>
                    <name>GET /session/:sessionId/element/0.12000585641239314-3/attribute/value</name>
                    <title>GET /session/:sessionId/element/0.12000585641239314-3/attribute/value</title>
                    <attachments>
                        <attachment title='Response' source='76338456-7ad2-4bf0-a3dd-a2c536d61776-attachment.json' type='application/json' size='10'/>
                    </attachments>
                    <steps/>
                </step>
            </steps>
            <attachments/>
        </test-case>
        <test-case start='1594912476622' status='broken' stop='1594912476634'>
            <name>99 symbols psw input field</name>
            <title>99 symbols psw input field</title>
            <labels>
                <label name='language' value='javascript'/>
                <label name='framework' value='wdio'/>
                <label name='thread' value='0-4'/>
            </labels>
            <parameters>
                <parameter kind='argument' name='browser' value='chrome-84.0.4147.89'/>
            </parameters>
            <steps/>
            <attachments/>
            <failure>
                <message>_home.default.input99SymbolsPsw is not a function</message>
                <stack-trace>TypeError: _home.default.input99SymbolsPsw is not a function
                    at Context.&lt;anonymous> (/Users/julia/Alluma/TEST/Alluma/test/specs/home.test.js:110:26)</stack-trace>
            </failure>
        </test-case>
        <test-case start='1594912476634' status='broken' stop='1594912476637'>
            <name>100 symbols psw input field</name>
            <title>100 symbols psw input field</title>
            <labels>
                <label name='language' value='javascript'/>
                <label name='framework' value='wdio'/>
                <label name='thread' value='0-4'/>
            </labels>
            <parameters>
                <parameter kind='argument' name='browser' value='chrome-84.0.4147.89'/>
            </parameters>
            <steps/>
            <attachments/>
            <failure>
                <message>_home.default.input100SymbolsPsw is not a function</message>
                <stack-trace>TypeError: _home.default.input100SymbolsPsw is not a function
                    at Context.&lt;anonymous> (/Users/julia/Alluma/TEST/Alluma/test/specs/home.test.js:114:26)</stack-trace>
            </failure>
        </test-case>
        <test-case start='1594912476637' status='broken' stop='1594912476647'>
            <name>101 symbols psw input field</name>
            <title>101 symbols psw input field</title>
            <labels>
                <label name='language' value='javascript'/>
                <label name='framework' value='wdio'/>
                <label name='thread' value='0-4'/>
            </labels>
            <parameters>
                <parameter kind='argument' name='browser' value='chrome-84.0.4147.89'/>
            </parameters>
            <steps/>
            <attachments/>
            <failure>
                <message>_home.default.input101SymbolsPsw is not a function</message>
                <stack-trace>TypeError: _home.default.input101SymbolsPsw is not a function
                    at Context.&lt;anonymous> (/Users/julia/Alluma/TEST/Alluma/test/specs/home.test.js:118:26)</stack-trace>
            </failure>
        </test-case>
        <test-case start='1594912476647' status='broken' stop='1594912476648'>
            <name>throws an error msg on empty submitting</name>
            <title>throws an error msg on empty submitting</title>
            <labels>
                <label name='language' value='javascript'/>
                <label name='framework' value='wdio'/>
                <label name='thread' value='0-4'/>
            </labels>
            <parameters>
                <parameter kind='argument' name='browser' value='chrome-84.0.4147.89'/>
            </parameters>
            <steps/>
            <attachments/>
            <failure>
                <message>_home.default.submitEmptyPassword is not a function</message>
                <stack-trace>TypeError: _home.default.submitEmptyPassword is not a function
                    at Context.&lt;anonymous> (/Users/julia/Alluma/TEST/Alluma/test/specs/home.test.js:122:26)</stack-trace>
            </failure>
        </test-case>
    </test-cases>
</ns2:test-suite>