<?xml version='1.0'?>
<ns2:test-suite xmlns:ns2='urn:model.allure.qatools.yandex.ru' start='1594912408951' stop='1594912409306'>
    <name>Home Page: Login Form: Password Input Field</name>
    <title>Home Page: Login Form: Password Input Field</title>
    <test-cases>
        <test-case start='1594912408951' status='passed' stop='1594912408984'>
            <name>is displayed</name>
            <title>is displayed</title>
            <labels>
                <label name='language' value='javascript'/>
                <label name='framework' value='wdio'/>
                <label name='thread' value='0-4'/>
            </labels>
            <parameters>
                <parameter kind='argument' name='browser' value='chrome-84.0.4147.89'/>
            </parameters>
            <steps>
                <step start='1594912408952' status='passed' stop='1594912408967'>
                    <name>POST /session/:sessionId/element</name>
                    <title>POST /session/:sessionId/element</title>
                    <attachments>
                        <attachment title='Request' source='fd0631a2-9fdc-49b4-9c4e-b1e94824c6d9-attachment.json' type='application/json' size='53'/>
                        <attachment title='Response' source='b388be18-2fb4-40c6-ba7f-d0b8c99fd7b3-attachment.json' type='application/json' size='39'/>
                    </attachments>
                    <steps/>
                </step>
                <step start='1594912408968' status='passed' stop='1594912408983'>
                    <name>GET /session/:sessionId/element/0.7147822311994734-3/displayed</name>
                    <title>GET /session/:sessionId/element/0.7147822311994734-3/displayed</title>
                    <attachments>
                        <attachment title='Response' source='113fb98e-c1fc-475d-9a1b-79b57067db7a-attachment.json' type='application/json' size='4'/>
                    </attachments>
                    <steps/>
                </step>
            </steps>
            <attachments/>
        </test-case>
        <test-case start='1594912408984' status='passed' stop='1594912409033'>
            <name>has correct title</name>
            <title>has correct title</title>
            <labels>
                <label name='language' value='javascript'/>
                <label name='framework' value='wdio'/>
                <label name='thread' value='0-4'/>
            </labels>
            <parameters>
                <parameter kind='argument' name='browser' value='chrome-84.0.4147.89'/>
            </parameters>
            <steps>
                <step start='1594912408984' status='passed' stop='1594912408995'>
                    <name>POST /session/:sessionId/elements</name>
                    <title>POST /session/:sessionId/elements</title>
                    <attachments>
                        <attachment title='Request' source='64c1c77a-d6dd-4f29-a7ce-b6b027c5606a-attachment.json' type='application/json' size='67'/>
                        <attachment title='Response' source='467c2f82-2c14-44ad-98a2-2b6ccb1042e0-attachment.json' type='application/json' size='96'/>
                    </attachments>
                    <steps/>
                </step>
                <step start='1594912408997' status='passed' stop='1594912409014'>
                    <name>GET /session/:sessionId/element/0.7147822311994734-5/displayed</name>
                    <title>GET /session/:sessionId/element/0.7147822311994734-5/displayed</title>
                    <attachments>
                        <attachment title='Response' source='9409ee79-4e25-4b8a-94c3-b12de61f3cd4-attachment.json' type='application/json' size='4'/>
                    </attachments>
                    <steps/>
                </step>
                <step start='1594912409014' status='passed' stop='1594912409032'>
                    <name>GET /session/:sessionId/element/0.7147822311994734-5/text</name>
                    <title>GET /session/:sessionId/element/0.7147822311994734-5/text</title>
                    <attachments>
                        <attachment title='Response' source='9a5ce4bf-f02b-467c-9af2-66935ea3af01-attachment.json' type='application/json' size='19'/>
                    </attachments>
                    <steps/>
                </step>
            </steps>
            <attachments/>
        </test-case>
        <test-case start='1594912409033' status='passed' stop='1594912409148'>
            <name>password input symbols</name>
            <title>password input symbols</title>
            <labels>
                <label name='language' value='javascript'/>
                <label name='framework' value='wdio'/>
                <label name='thread' value='0-4'/>
            </labels>
            <parameters>
                <parameter kind='argument' name='browser' value='chrome-84.0.4147.89'/>
            </parameters>
            <steps>
                <step start='1594912409034' status='passed' stop='1594912409044'>
                    <name>POST /session/:sessionId/element</name>
                    <title>POST /session/:sessionId/element</title>
                    <attachments>
                        <attachment title='Request' source='a40cb9ed-9176-4b37-90e1-175d1aff7bc2-attachment.json' type='application/json' size='53'/>
                        <attachment title='Response' source='4636cf2a-80a3-4924-b072-d57bd1d0cd95-attachment.json' type='application/json' size='39'/>
                    </attachments>
                    <steps/>
                </step>
                <step start='1594912409045' status='passed' stop='1594912409067'>
                    <name>POST /session/:sessionId/element/0.7147822311994734-3/clear</name>
                    <title>POST /session/:sessionId/element/0.7147822311994734-3/clear</title>
                    <attachments/>
                    <steps/>
                </step>
                <step start='1594912409067' status='passed' stop='1594912409138'>
                    <name>POST /session/:sessionId/element/0.7147822311994734-3/value</name>
                    <title>POST /session/:sessionId/element/0.7147822311994734-3/value</title>
                    <attachments>
                        <attachment title='Request' source='03fab0f5-9096-4aa3-b5c0-de51b18a5ead-attachment.json' type='application/json' size='100'/>
                    </attachments>
                    <steps/>
                </step>
                <step start='1594912409138' status='passed' stop='1594912409147'>
                    <name>GET /session/:sessionId/element/0.7147822311994734-3/attribute/value</name>
                    <title>GET /session/:sessionId/element/0.7147822311994734-3/attribute/value</title>
                    <attachments>
                        <attachment title='Response' source='a6269177-6596-406d-ab53-cef2bbf5c582-attachment.json' type='application/json' size='11'/>
                    </attachments>
                    <steps/>
                </step>
            </steps>
            <attachments/>
        </test-case>
        <test-case start='1594912409148' status='failed' stop='1594912409300'>
            <name>password erase symbols</name>
            <title>password erase symbols</title>
            <labels>
                <label name='language' value='javascript'/>
                <label name='framework' value='wdio'/>
                <label name='thread' value='0-4'/>
            </labels>
            <parameters>
                <parameter kind='argument' name='browser' value='chrome-84.0.4147.89'/>
            </parameters>
            <steps>
                <step start='1594912409149' status='passed' stop='1594912409157'>
                    <name>POST /session/:sessionId/element</name>
                    <title>POST /session/:sessionId/element</title>
                    <attachments>
                        <attachment title='Request' source='0dd0bc0d-7c5f-4843-b2ac-6a1dd9af91f6-attachment.json' type='application/json' size='53'/>
                        <attachment title='Response' source='174ae0f7-1b30-4a1f-9c35-3ae469ab1be2-attachment.json' type='application/json' size='39'/>
                    </attachments>
                    <steps/>
                </step>
                <step start='1594912409159' status='passed' stop='1594912409178'>
                    <name>POST /session/:sessionId/element/0.7147822311994734-3/clear</name>
                    <title>POST /session/:sessionId/element/0.7147822311994734-3/clear</title>
                    <attachments/>
                    <steps/>
                </step>
                <step start='1594912409179' status='passed' stop='1594912409263'>
                    <name>POST /session/:sessionId/element/0.7147822311994734-3/value</name>
                    <title>POST /session/:sessionId/element/0.7147822311994734-3/value</title>
                    <attachments>
                        <attachment title='Request' source='a27e42e1-bdc2-4500-8bff-75d41c10af31-attachment.json' type='application/json' size='100'/>
                    </attachments>
                    <steps/>
                </step>
                <step start='1594912409263' status='passed' stop='1594912409271'>
                    <name>POST /session/:sessionId/keys</name>
                    <title>POST /session/:sessionId/keys</title>
                    <attachments>
                        <attachment title='Request' source='f28d9721-b158-4513-a373-0df42d0b14a9-attachment.json' type='application/json' size='28'/>
                    </attachments>
                    <steps/>
                </step>
                <step start='1594912409272' status='passed' stop='1594912409283'>
                    <name>GET /session/:sessionId/element/0.7147822311994734-3/attribute/value</name>
                    <title>GET /session/:sessionId/element/0.7147822311994734-3/attribute/value</title>
                    <attachments>
                        <attachment title='Response' source='197cf6af-60c8-43d7-90fc-cf739fa3458d-attachment.json' type='application/json' size='10'/>
                    </attachments>
                    <steps/>
                </step>
            </steps>
            <attachments/>
            <failure>
                <message>expected 'Panda666' to equal 'Panda66'</message>
                <stack-trace>AssertionError: expected 'Panda666' to equal 'Panda66'
                    at HomePage.eraseSymbolsPsw (/Users/julia/Alluma/TEST/Alluma/test/pages/home.page.js:166:16)
                    at Context.&lt;anonymous> (/Users/julia/Alluma/TEST/Alluma/test/specs/home.test.js:106:26)</stack-trace>
            </failure>
        </test-case>
        <test-case start='1594912409300' status='broken' stop='1594912409302'>
            <name>99 symbols psw input field</name>
            <title>99 symbols psw input field</title>
            <labels>
                <label name='language' value='javascript'/>
                <label name='framework' value='wdio'/>
                <label name='thread' value='0-4'/>
            </labels>
            <parameters>
                <parameter kind='argument' name='browser' value='chrome-84.0.4147.89'/>
            </parameters>
            <steps/>
            <attachments/>
            <failure>
                <message>_home.default.input99SymbolsPsw is not a function</message>
                <stack-trace>TypeError: _home.default.input99SymbolsPsw is not a function
                    at Context.&lt;anonymous> (/Users/julia/Alluma/TEST/Alluma/test/specs/home.test.js:110:26)</stack-trace>
            </failure>
        </test-case>
        <test-case start='1594912409302' status='broken' stop='1594912409303'>
            <name>100 symbols psw input field</name>
            <title>100 symbols psw input field</title>
            <labels>
                <label name='language' value='javascript'/>
                <label name='framework' value='wdio'/>
                <label name='thread' value='0-4'/>
            </labels>
            <parameters>
                <parameter kind='argument' name='browser' value='chrome-84.0.4147.89'/>
            </parameters>
            <steps/>
            <attachments/>
            <failure>
                <message>_home.default.input100SymbolsPsw is not a function</message>
                <stack-trace>TypeError: _home.default.input100SymbolsPsw is not a function
                    at Context.&lt;anonymous> (/Users/julia/Alluma/TEST/Alluma/test/specs/home.test.js:114:26)</stack-trace>
            </failure>
        </test-case>
        <test-case start='1594912409303' status='broken' stop='1594912409304'>
            <name>101 symbols psw input field</name>
            <title>101 symbols psw input field</title>
            <labels>
                <label name='language' value='javascript'/>
                <label name='framework' value='wdio'/>
                <label name='thread' value='0-4'/>
            </labels>
            <parameters>
                <parameter kind='argument' name='browser' value='chrome-84.0.4147.89'/>
            </parameters>
            <steps/>
            <attachments/>
            <failure>
                <message>_home.default.input101SymbolsPsw is not a function</message>
                <stack-trace>TypeError: _home.default.input101SymbolsPsw is not a function
                    at Context.&lt;anonymous> (/Users/julia/Alluma/TEST/Alluma/test/specs/home.test.js:118:26)</stack-trace>
            </failure>
        </test-case>
        <test-case start='1594912409304' status='broken' stop='1594912409306'>
            <name>throws an error msg on empty submitting</name>
            <title>throws an error msg on empty submitting</title>
            <labels>
                <label name='language' value='javascript'/>
                <label name='framework' value='wdio'/>
                <label name='thread' value='0-4'/>
            </labels>
            <parameters>
                <parameter kind='argument' name='browser' value='chrome-84.0.4147.89'/>
            </parameters>
            <steps/>
            <attachments/>
            <failure>
                <message>_home.default.submitEmptyPassword is not a function</message>
                <stack-trace>TypeError: _home.default.submitEmptyPassword is not a function
                    at Context.&lt;anonymous> (/Users/julia/Alluma/TEST/Alluma/test/specs/home.test.js:122:26)</stack-trace>
            </failure>
        </test-case>
    </test-cases>
</ns2:test-suite>